[2019-09-07 15:25:14] local.ERROR: SQLSTATE[28000] [1045] Access denied for user 'hypexprod'@'localhost' (using password: YES) (SQL: select * from `products` limit 6) {"exception":"[object] (Illuminate\\Database\\QueryException(code: 1045): SQLSTATE[28000] [1045] Access denied for user 'hypexprod'@'localhost' (using password: YES) (SQL: select * from `products` limit 6) at /home/jobvaneh/public_html/hypex.jobvacancyresult.com/vendor/laravel/framework/src/Illuminate/Database/Connection.php:664, Doctrine\\DBAL\\Driver\\PDOException(code: 1045): SQLSTATE[28000] [1045] Access denied for user 'hypexprod'@'localhost' (using password: YES) at /home/jobvaneh/public_html/hypex.jobvacancyresult.com/vendor/doctrine/dbal/lib/Doctrine/DBAL/Driver/PDOConnection.php:31, PDOException(code: 1045): SQLSTATE[28000] [1045] Access denied for user 'hypexprod'@'localhost' (using password: YES) at /home/jobvaneh/public_html/hypex.jobvacancyresult.com/vendor/doctrine/dbal/lib/Doctrine/DBAL/Driver/PDOConnection.php:27)
[stacktrace]
#0 /home/jobvaneh/public_html/hypex.jobvacancyresult.com/vendor/laravel/framework/src/Illuminate/Database/Connection.php(624): Illuminate\\Database\\Connection->runQueryCallback('select * from `...', Array, Object(Closure))
#1 /home/jobvaneh/public_html/hypex.jobvacancyresult.com/vendor/laravel/framework/src/Illuminate/Database/Connection.php(333): Illuminate\\Database\\Connection->run('select * from `...', Array, Object(Closure))
#2 /home/jobvaneh/public_html/hypex.jobvacancyresult.com/vendor/laravel/framework/src/Illuminate/Database/Query/Builder.php(2095): Illuminate\\Database\\Connection->select('select * from `...', Array, true)
#3 /home/jobvaneh/public_html/hypex.jobvacancyresult.com/vendor/laravel/framework/src/Illuminate/Database/Query/Builder.php(2083): Illuminate\\Database\\Query\\Builder->runSelect()
#4 /home/jobvaneh/public_html/hypex.jobvacancyresult.com/vendor/laravel/framework/src/Illuminate/Database/Query/Builder.php(2569): Illuminate\\Database\\Query\\Builder->Illuminate\\Database\\Query\\{closure}()
#5 /home/jobvaneh/public_html/hypex.jobvacancyresult.com/vendor/laravel/framework/src/Illuminate/Database/Query/Builder.php(2084): Illuminate\\Database\\Query\\Builder->onceWithColumns(Array, Object(Closure))
#6 /home/jobvaneh/public_html/hypex.jobvacancyresult.com/vendor/laravel/framework/src/Illuminate/Database/Eloquent/Builder.php(519): Illuminate\\Database\\Query\\Builder->get(Array)
#7 /home/jobvaneh/public_html/hypex.jobvacancyresult.com/vendor/laravel/framework/src/Illuminate/Database/Eloquent/Builder.php(503): Illuminate\\Database\\Eloquent\\Builder->getModels(Array)
#8 /home/jobvaneh/public_html/hypex.jobvacancyresult.com/app/Http/Controllers/v1/website/HomeController.php(44): Illuminate\\Database\\Eloquent\\Builder->get()
#9 [internal function]: App\\Http\\Controllers\\v1\\website\\HomeController->index()
#10 /home/jobvaneh/public_html/hypex.jobvacancyresult.com/vendor/laravel/framework/src/Illuminate/Routing/Controller.php(54): call_user_func_array(Array, Array)
#11 /home/jobvaneh/public_html/hypex.jobvacancyresult.com/vendor/laravel/framework/src/Illuminate/Routing/ControllerDispatcher.php(45): Illuminate\\Routing\\Controller->callAction('index', Array)
#12 /home/jobvaneh/public_html/hypex.jobvacancyresult.com/vendor/laravel/framework/src/Illuminate/Routing/Route.php(219): Illuminate\\Routing\\ControllerDispatcher->dispatch(Object(Illuminate\\Routing\\Route), Object(App\\Http\\Controllers\\v1\\website\\HomeController), 'index')
#13 /home/jobvaneh/public_html/hypex.jobvacancyresult.com/vendor/laravel/framework/src/Illuminate/Routing/Route.php(176): Illuminate\\Routing\\Route->runController()
#14 /home/jobvaneh/public_html/hypex.jobvacancyresult.com/vendor/laravel/framework/src/Illuminate/Routing/Router.php(682): Illuminate\\Routing\\Route->run()
#15 /home/jobvaneh/public_html/hypex.jobvacancyresult.com/vendor/laravel/framework/src/Illuminate/Routing/Pipeline.php(30): Illuminate\\Routing\\Router->Illuminate\\Routing\\{closure}(Object(Illuminate\\Http\\Request))
#16 /home/jobvaneh/public_html/hypex.jobvacancyresult.com/app/Http/Middleware/Localization.php(24): Illuminate\\Routing\\Pipeline->Illuminate\\Routing\\{closure}(Object(Illuminate\\Http\\Request))
#17 /home/jobvaneh/public_html/hypex.jobvacancyresult.com/vendor/laravel/framework/src/Illuminate/Pipeline/Pipeline.php(163): App\\Http\\Middleware\\Localization->handle(Object(Illuminate\\Http\\Request), Object(Closure))
#18 /home/jobvaneh/public_html/hypex.jobvacancyresult.com/vendor/laravel/framework/src/Illuminate/Routing/Pipeline.php(53): Illuminate\\Pipeline\\Pipeline->Illuminate\\Pipeline\\{closure}(Object(Illuminate\\Http\\Request))
#19 /home/jobvaneh/public_html/hypex.jobvacancyresult.com/vendor/laravel/framework/src/Illuminate/Routing/Middleware/SubstituteBindings.php(41): Illuminate\\Routing\\Pipeline->Illuminate\\Routing\\{closure}(Object(Illuminate\\Http\\Request))
#20 /home/jobvaneh/public_html/hypex.jobvacancyresult.com/vendor/laravel/framework/src/Illuminate/Pipeline/Pipeline.php(163): Illuminate\\Routing\\Middleware\\SubstituteBindings->handle(Object(Illuminate\\Http\\Request), Object(Closure))
#21 /home/jobvaneh/public_html/hypex.jobvacancyresult.com/vendor/laravel/framework/src/Illuminate/Routing/Pipeline.php(53): Illuminate\\Pipeline\\Pipeline->Illuminate\\Pipeline\\{closure}(Object(Illuminate\\Http\\Request))
#22 /home/jobvaneh/public_html/hypex.jobvacancyresult.com/vendor/laravel/framework/src/Illuminate/Foundation/Http/Middleware/VerifyCsrfToken.php(75): Illuminate\\Routing\\Pipeline->Illuminate\\Routing\\{closure}(Object(Illuminate\\Http\\Request))
#23 /home/jobvaneh/public_html/hypex.jobvacancyresult.com/vendor/laravel/framework/src/Illuminate/Pipeline/Pipeline.php(163): Illuminate\\Foundation\\Http\\Middleware\\VerifyCsrfToken->handle(Object(Illuminate\\Http\\Request), Object(Closure))
#24 /home/jobvaneh/public_html/hypex.jobvacancyresult.com/vendor/laravel/framework/src/Illuminate/Routing/Pipeline.php(53): Illuminate\\Pipeline\\Pipeline->Illuminate\\Pipeline\\{closure}(Object(Illuminate\\Http\\Request))
#25 /home/jobvaneh/public_html/hypex.jobvacancyresult.com/vendor/laravel/framework/src/Illuminate/View/Middleware/ShareErrorsFromSession.php(49): Illuminate\\Routing\\Pipeline->Illuminate\\Routing\\{closure}(Object(Illuminate\\Http\\Request))
#26 /home/jobvaneh/public_html/hypex.jobvacancyresult.com/vendor/laravel/framework/src/Illuminate/Pipeline/Pipeline.php(163): Illuminate\\View\\Middleware\\ShareErrorsFromSession->handle(Object(Illuminate\\Http\\Request), Object(Closure))
#27 /home/jobvaneh/public_html/hypex.jobvacancyresult.com/vendor/laravel/framework/src/Illuminate/Routing/Pipeline.php(53): Illuminate\\Pipeline\\Pipeline->Illuminate\\Pipeline\\{closure}(Object(Illuminate\\Http\\Request))
#28 /home/jobvaneh/public_html/hypex.jobvacancyresult.com/vendor/laravel/framework/src/Illuminate/Session/Middleware/StartSession.php(63): Illuminate\\Routing\\Pipeline->Illuminate\\Routing\\{closure}(Object(Illuminate\\Http\\Request))
#29 /home/jobvaneh/public_html/hypex.jobvacancyresult.com/vendor/laravel/framework/src/Illuminate/Pipeline/Pipeline.php(163): Illuminate\\Session\\Middleware\\StartSession->handle(Object(Illuminate\\Http\\Request), Object(Closure))
#30 /home/jobvaneh/public_html/hypex.jobvacancyresult.com/vendor/laravel/framework/src/Illuminate/Routing/Pipeline.php(53): Illuminate\\Pipeline\\Pipeline->Illuminate\\Pipeline\\{closure}(Object(Illuminate\\Http\\Request))
#31 /home/jobvaneh/public_html/hypex.jobvacancyresult.com/vendor/laravel/framework/src/Illuminate/Cookie/Middleware/AddQueuedCookiesToResponse.php(37): Illuminate\\Routing\\Pipeline->Illuminate\\Routing\\{closure}(Object(Illuminate\\Http\\Request))
#32 /home/jobvaneh/public_html/hypex.jobvacancyresult.com/vendor/laravel/framework/src/Illuminate/Pipeline/Pipeline.php(163): Illuminate\\Cookie\\Middleware\\AddQueuedCookiesToResponse->handle(Object(Illuminate\\Http\\Request), Object(Closure))
#33 /home/jobvaneh/public_html/hypex.jobvacancyresult.com/vendor/laravel/framework/src/Illuminate/Routing/Pipeline.php(53): Illuminate\\Pipeline\\Pipeline->Illuminate\\Pipeline\\{closure}(Object(Illuminate\\Http\\Request))
#34 /home/jobvaneh/public_html/hypex.jobvacancyresult.com/vendor/laravel/framework/src/Illuminate/Cookie/Middleware/EncryptCookies.php(66): Illuminate\\Routing\\Pipeline->Illuminate\\Routing\\{closure}(Object(Illuminate\\Http\\Request))
#35 /home/jobvaneh/public_html/hypex.jobvacancyresult.com/vendor/laravel/framework/src/Illuminate/Pipeline/Pipeline.php(163): Illuminate\\Cookie\\Middleware\\EncryptCookies->handle(Object(Illuminate\\Http\\Request), Object(Closure))
#36 /home/jobvaneh/public_html/hypex.jobvacancyresult.com/vendor/laravel/framework/src/Illuminate/Routing/Pipeline.php(53): Illuminate\\Pipeline\\Pipeline->Illuminate\\Pipeline\\{closure}(Object(Illuminate\\Http\\Request))
#37 /home/jobvaneh/public_html/hypex.jobvacancyresult.com/vendor/laravel/framework/src/Illuminate/Pipeline/Pipeline.php(104): Illuminate\\Routing\\Pipeline->Illuminate\\Routing\\{closure}(Object(Illuminate\\Http\\Request))
#38 /home/jobvaneh/public_html/hypex.jobvacancyresult.com/vendor/laravel/framework/src/Illuminate/Routing/Router.php(684): Illuminate\\Pipeline\\Pipeline->then(Object(Closure))
#39 /home/jobvaneh/public_html/hypex.jobvacancyresult.com/vendor/laravel/framework/src/Illuminate/Routing/Router.php(659): Illuminate\\Routing\\Router->runRouteWithinStack(Object(Illuminate\\Routing\\Route), Object(Illuminate\\Http\\Request))
#40 /home/jobvaneh/public_html/hypex.jobvacancyresult.com/vendor/laravel/framework/src/Illuminate/Routing/Router.php(625): Illuminate\\Routing\\Router->runRoute(Object(Illuminate\\Http\\Request), Object(Illuminate\\Routing\\Route))
#41 /home/jobvaneh/public_html/hypex.jobvacancyresult.com/vendor/laravel/framework/src/Illuminate/Routing/Router.php(614): Illuminate\\Routing\\Router->dispatchToRoute(Object(Illuminate\\Http\\Request))
#42 /home/jobvaneh/public_html/hypex.jobvacancyresult.com/vendor/laravel/framework/src/Illuminate/Foundation/Http/Kernel.php(176): Illuminate\\Routing\\Router->dispatch(Object(Illuminate\\Http\\Request))
#43 /home/jobvaneh/public_html/hypex.jobvacancyresult.com/vendor/laravel/framework/src/Illuminate/Routing/Pipeline.php(30): Illuminate\\Foundation\\Http\\Kernel->Illuminate\\Foundation\\Http\\{closure}(Object(Illuminate\\Http\\Request))
#44 /home/jobvaneh/public_html/hypex.jobvacancyresult.com/vendor/fideloper/proxy/src/TrustProxies.php(57): Illuminate\\Routing\\Pipeline->Illuminate\\Routing\\{closure}(Object(Illuminate\\Http\\Request))
#45 /home/jobvaneh/public_html/hypex.jobvacancyresult.com/vendor/laravel/framework/src/Illuminate/Pipeline/Pipeline.php(163): Fideloper\\Proxy\\TrustProxies->handle(Object(Illuminate\\Http\\Request), Object(Closure))
#46 /home/jobvaneh/public_html/hypex.jobvacancyresult.com/vendor/laravel/framework/src/Illuminate/Routing/Pipeline.php(53): Illuminate\\Pipeline\\Pipeline->Illuminate\\Pipeline\\{closure}(Object(Illuminate\\Http\\Request))
#47 /home/jobvaneh/public_html/hypex.jobvacancyresult.com/vendor/laravel/framework/src/Illuminate/Foundation/Http/Middleware/TransformsRequest.php(31): Illuminate\\Routing\\Pipeline->Illuminate\\Routing\\{closure}(Object(Illuminate\\Http\\Request))
#48 /home/jobvaneh/public_html/hypex.jobvacancyresult.com/vendor/laravel/framework/src/Illuminate/Pipeline/Pipeline.php(163): Illuminate\\Foundation\\Http\\Middleware\\TransformsRequest->handle(Object(Illuminate\\Http\\Request), Object(Closure))
#49 /home/jobvaneh/public_html/hypex.jobvacancyresult.com/vendor/laravel/framework/src/Illuminate/Routing/Pipeline.php(53): Illuminate\\Pipeline\\Pipeline->Illuminate\\Pipeline\\{closure}(Object(Illuminate\\Http\\Request))
#50 /home/jobvaneh/public_html/hypex.jobvacancyresult.com/vendor/laravel/framework/src/Illuminate/Foundation/Http/Middleware/TransformsRequest.php(31): Illuminate\\Routing\\Pipeline->Illuminate\\Routing\\{closure}(Object(Illuminate\\Http\\Request))
#51 /home/jobvaneh/public_html/hypex.jobvacancyresult.com/vendor/laravel/framework/src/Illuminate/Pipeline/Pipeline.php(163): Illuminate\\Foundation\\Http\\Middleware\\TransformsRequest->handle(Object(Illuminate\\Http\\Request), Object(Closure))
#52 /home/jobvaneh/public_html/hypex.jobvacancyresult.com/vendor/laravel/framework/src/Illuminate/Routing/Pipeline.php(53): Illuminate\\Pipeline\\Pipeline->Illuminate\\Pipeline\\{closure}(Object(Illuminate\\Http\\Request))
#53 /home/jobvaneh/public_html/hypex.jobvacancyresult.com/vendor/laravel/framework/src/Illuminate/Foundation/Http/Middleware/ValidatePostSize.php(27): Illuminate\\Routing\\Pipeline->Illuminate\\Routing\\{closure}(Object(Illuminate\\Http\\Request))
#54 /home/jobvaneh/public_html/hypex.jobvacancyresult.com/vendor/laravel/framework/src/Illuminate/Pipeline/Pipeline.php(163): Illuminate\\Foundation\\Http\\Middleware\\ValidatePostSize->handle(Object(Illuminate\\Http\\Request), Object(Closure))
#55 /home/jobvaneh/public_html/hypex.jobvacancyresult.com/vendor/laravel/framework/src/Illuminate/Routing/Pipeline.php(53): Illuminate\\Pipeline\\Pipeline->Illuminate\\Pipeline\\{closure}(Object(Illuminate\\Http\\Request))
#56 /home/jobvaneh/public_html/hypex.jobvacancyresult.com/vendor/laravel/framework/src/Illuminate/Foundation/Http/Middleware/CheckForMaintenanceMode.php(62): Illuminate\\Routing\\Pipeline->Illuminate\\Routing\\{closure}(Object(Illuminate\\Http\\Request))
#57 /home/jobvaneh/public_html/hypex.jobvacancyresult.com/vendor/laravel/framework/src/Illuminate/Pipeline/Pipeline.php(163): Illuminate\\Foundation\\Http\\Middleware\\CheckForMaintenanceMode->handle(Object(Illuminate\\Http\\Request), Object(Closure))
#58 /home/jobvaneh/public_html/hypex.jobvacancyresult.com/vendor/laravel/framework/src/Illuminate/Routing/Pipeline.php(53): Illuminate\\Pipeline\\Pipeline->Illuminate\\Pipeline\\{closure}(Object(Illuminate\\Http\\Request))
#59 /home/jobvaneh/public_html/hypex.jobvacancyresult.com/vendor/laravel/framework/src/Illuminate/Pipeline/Pipeline.php(104): Illuminate\\Routing\\Pipeline->Illuminate\\Routing\\{closure}(Object(Illuminate\\Http\\Request))
#60 /home/jobvaneh/public_html/hypex.jobvacancyresult.com/vendor/laravel/framework/src/Illuminate/Foundation/Http/Kernel.php(151): Illuminate\\Pipeline\\Pipeline->then(Object(Closure))
#61 /home/jobvaneh/public_html/hypex.jobvacancyresult.com/vendor/laravel/framework/src/Illuminate/Foundation/Http/Kernel.php(116): Illuminate\\Foundation\\Http\\Kernel->sendRequestThroughRouter(Object(Illuminate\\Http\\Request))
#62 /home/jobvaneh/public_html/hypex.jobvacancyresult.com/public/index.php(55): Illuminate\\Foundation\\Http\\Kernel->handle(Object(Illuminate\\Http\\Request))
#63 /home/jobvaneh/public_html/hypex.jobvacancyresult.com/index.php(21): require_once('/home/jobvaneh/...')
#64 {main}
"} 
[2019-09-07 15:25:21] local.ERROR: file_put_contents(/home/jobvaneh/public_html/hypex.jobvacancyresult.com/hypex/storage/framework/sessions/IZ5CdYzgZUqsPlRrNGCu58xigeZMSOapCZqWmWnK): failed to open stream: No such file or directory {"exception":"[object] (ErrorException(code: 0): file_put_contents(/home/jobvaneh/public_html/hypex.jobvacancyresult.com/hypex/storage/framework/sessions/IZ5CdYzgZUqsPlRrNGCu58xigeZMSOapCZqWmWnK): failed to open stream: No such file or directory at /home/jobvaneh/public_html/hypex.jobvacancyresult.com/vendor/laravel/framework/src/Illuminate/Filesystem/Filesystem.php:122)
[stacktrace]
#0 [internal function]: Illuminate\\Foundation\\Bootstrap\\HandleExceptions->handleError(2, 'file_put_conten...', '/home/jobvaneh/...', 122, Array)
#1 /home/jobvaneh/public_html/hypex.jobvacancyresult.com/vendor/laravel/framework/src/Illuminate/Filesystem/Filesystem.php(122): file_put_contents('/home/jobvaneh/...', 'a:3:{s:6:\"_toke...', 2)
#2 /home/jobvaneh/public_html/hypex.jobvacancyresult.com/vendor/laravel/framework/src/Illuminate/Session/FileSessionHandler.php(83): Illuminate\\Filesystem\\Filesystem->put('/home/jobvaneh/...', 'a:3:{s:6:\"_toke...', true)
#3 /home/jobvaneh/public_html/hypex.jobvacancyresult.com/vendor/laravel/framework/src/Illuminate/Session/Store.php(129): Illuminate\\Session\\FileSessionHandler->write('IZ5CdYzgZUqsPlR...', 'a:3:{s:6:\"_toke...')
#4 /home/jobvaneh/public_html/hypex.jobvacancyresult.com/vendor/laravel/framework/src/Illuminate/Session/Middleware/StartSession.php(87): Illuminate\\Session\\Store->save()
#5 /home/jobvaneh/public_html/hypex.jobvacancyresult.com/vendor/laravel/framework/src/Illuminate/Foundation/Http/Kernel.php(218): Illuminate\\Session\\Middleware\\StartSession->terminate(Object(Illuminate\\Http\\Request), Object(Illuminate\\Http\\Response))
#6 /home/jobvaneh/public_html/hypex.jobvacancyresult.com/vendor/laravel/framework/src/Illuminate/Foundation/Http/Kernel.php(189): Illuminate\\Foundation\\Http\\Kernel->terminateMiddleware(Object(Illuminate\\Http\\Request), Object(Illuminate\\Http\\Response))
#7 /home/jobvaneh/public_html/hypex.jobvacancyresult.com/public/index.php(60): Illuminate\\Foundation\\Http\\Kernel->terminate(Object(Illuminate\\Http\\Request), Object(Illuminate\\Http\\Response))
#8 /home/jobvaneh/public_html/hypex.jobvacancyresult.com/index.php(21): require_once('/home/jobvaneh/...')
#9 {main}
"} 
[2019-09-07 15:25:56] local.ERROR: The "/home/jobvaneh/public_html/hypex.jobvacancyresult.com/hypex/storage/framework/sessions" directory does not exist. {"exception":"[object] (InvalidArgumentException(code: 0): The \"/home/jobvaneh/public_html/hypex.jobvacancyresult.com/hypex/storage/framework/sessions\" directory does not exist. at /home/jobvaneh/public_html/hypex.jobvacancyresult.com/vendor/symfony/finder/Finder.php:581)
[stacktrace]
#0 /home/jobvaneh/public_html/hypex.jobvacancyresult.com/vendor/laravel/framework/src/Illuminate/Session/FileSessionHandler.php(104): Symfony\\Component\\Finder\\Finder->in('/home/jobvaneh/...')
#1 /home/jobvaneh/public_html/hypex.jobvacancyresult.com/vendor/laravel/framework/src/Illuminate/Session/Middleware/StartSession.php(133): Illuminate\\Session\\FileSessionHandler->gc(7200)
#2 /home/jobvaneh/public_html/hypex.jobvacancyresult.com/vendor/laravel/framework/src/Illuminate/Session/Middleware/StartSession.php(60): Illuminate\\Session\\Middleware\\StartSession->collectGarbage(Object(Illuminate\\Session\\Store))
#3 /home/jobvaneh/public_html/hypex.jobvacancyresult.com/vendor/laravel/framework/src/Illuminate/Pipeline/Pipeline.php(163): Illuminate\\Session\\Middleware\\StartSession->handle(Object(Illuminate\\Http\\Request), Object(Closure))
#4 /home/jobvaneh/public_html/hypex.jobvacancyresult.com/vendor/laravel/framework/src/Illuminate/Routing/Pipeline.php(53): Illuminate\\Pipeline\\Pipeline->Illuminate\\Pipeline\\{closure}(Object(Illuminate\\Http\\Request))
#5 /home/jobvaneh/public_html/hypex.jobvacancyresult.com/vendor/laravel/framework/src/Illuminate/Cookie/Middleware/AddQueuedCookiesToResponse.php(37): Illuminate\\Routing\\Pipeline->Illuminate\\Routing\\{closure}(Object(Illuminate\\Http\\Request))
#6 /home/jobvaneh/public_html/hypex.jobvacancyresult.com/vendor/laravel/framework/src/Illuminate/Pipeline/Pipeline.php(163): Illuminate\\Cookie\\Middleware\\AddQueuedCookiesToResponse->handle(Object(Illuminate\\Http\\Request), Object(Closure))
#7 /home/jobvaneh/public_html/hypex.jobvacancyresult.com/vendor/laravel/framework/src/Illuminate/Routing/Pipeline.php(53): Illuminate\\Pipeline\\Pipeline->Illuminate\\Pipeline\\{closure}(Object(Illuminate\\Http\\Request))
#8 /home/jobvaneh/public_html/hypex.jobvacancyresult.com/vendor/laravel/framework/src/Illuminate/Cookie/Middleware/EncryptCookies.php(66): Illuminate\\Routing\\Pipeline->Illuminate\\Routing\\{closure}(Object(Illuminate\\Http\\Request))
#9 /home/jobvaneh/public_html/hypex.jobvacancyresult.com/vendor/laravel/framework/src/Illuminate/Pipeline/Pipeline.php(163): Illuminate\\Cookie\\Middleware\\EncryptCookies->handle(Object(Illuminate\\Http\\Request), Object(Closure))
#10 /home/jobvaneh/public_html/hypex.jobvacancyresult.com/vendor/laravel/framework/src/Illuminate/Routing/Pipeline.php(53): Illuminate\\Pipeline\\Pipeline->Illuminate\\Pipeline\\{closure}(Object(Illuminate\\Http\\Request))
#11 /home/jobvaneh/public_html/hypex.jobvacancyresult.com/vendor/laravel/framework/src/Illuminate/Pipeline/Pipeline.php(104): Illuminate\\Routing\\Pipeline->Illuminate\\Routing\\{closure}(Object(Illuminate\\Http\\Request))
#12 /home/jobvaneh/public_html/hypex.jobvacancyresult.com/vendor/laravel/framework/src/Illuminate/Routing/Router.php(684): Illuminate\\Pipeline\\Pipeline->then(Object(Closure))
#13 /home/jobvaneh/public_html/hypex.jobvacancyresult.com/vendor/laravel/framework/src/Illuminate/Routing/Router.php(659): Illuminate\\Routing\\Router->runRouteWithinStack(Object(Illuminate\\Routing\\Route), Object(Illuminate\\Http\\Request))
#14 /home/jobvaneh/public_html/hypex.jobvacancyresult.com/vendor/laravel/framework/src/Illuminate/Routing/Router.php(625): Illuminate\\Routing\\Router->runRoute(Object(Illuminate\\Http\\Request), Object(Illuminate\\Routing\\Route))
#15 /home/jobvaneh/public_html/hypex.jobvacancyresult.com/vendor/laravel/framework/src/Illuminate/Routing/Router.php(614): Illuminate\\Routing\\Router->dispatchToRoute(Object(Illuminate\\Http\\Request))
#16 /home/jobvaneh/public_html/hypex.jobvacancyresult.com/vendor/laravel/framework/src/Illuminate/Foundation/Http/Kernel.php(176): Illuminate\\Routing\\Router->dispatch(Object(Illuminate\\Http\\Request))
#17 /home/jobvaneh/public_html/hypex.jobvacancyresult.com/vendor/laravel/framework/src/Illuminate/Routing/Pipeline.php(30): Illuminate\\Foundation\\Http\\Kernel->Illuminate\\Foundation\\Http\\{closure}(Object(Illuminate\\Http\\Request))
#18 /home/jobvaneh/public_html/hypex.jobvacancyresult.com/vendor/fideloper/proxy/src/TrustProxies.php(57): Illuminate\\Routing\\Pipeline->Illuminate\\Routing\\{closure}(Object(Illuminate\\Http\\Request))
#19 /home/jobvaneh/public_html/hypex.jobvacancyresult.com/vendor/laravel/framework/src/Illuminate/Pipeline/Pipeline.php(163): Fideloper\\Proxy\\TrustProxies->handle(Object(Illuminate\\Http\\Request), Object(Closure))
#20 /home/jobvaneh/public_html/hypex.jobvacancyresult.com/vendor/laravel/framework/src/Illuminate/Routing/Pipeline.php(53): Illuminate\\Pipeline\\Pipeline->Illuminate\\Pipeline\\{closure}(Object(Illuminate\\Http\\Request))
#21 /home/jobvaneh/public_html/hypex.jobvacancyresult.com/vendor/laravel/framework/src/Illuminate/Foundation/Http/Middleware/TransformsRequest.php(31): Illuminate\\Routing\\Pipeline->Illuminate\\Routing\\{closure}(Object(Illuminate\\Http\\Request))
#22 /home/jobvaneh/public_html/hypex.jobvacancyresult.com/vendor/laravel/framework/src/Illuminate/Pipeline/Pipeline.php(163): Illuminate\\Foundation\\Http\\Middleware\\TransformsRequest->handle(Object(Illuminate\\Http\\Request), Object(Closure))
#23 /home/jobvaneh/public_html/hypex.jobvacancyresult.com/vendor/laravel/framework/src/Illuminate/Routing/Pipeline.php(53): Illuminate\\Pipeline\\Pipeline->Illuminate\\Pipeline\\{closure}(Object(Illuminate\\Http\\Request))
#24 /home/jobvaneh/public_html/hypex.jobvacancyresult.com/vendor/laravel/framework/src/Illuminate/Foundation/Http/Middleware/TransformsRequest.php(31): Illuminate\\Routing\\Pipeline->Illuminate\\Routing\\{closure}(Object(Illuminate\\Http\\Request))
#25 /home/jobvaneh/public_html/hypex.jobvacancyresult.com/vendor/laravel/framework/src/Illuminate/Pipeline/Pipeline.php(163): Illuminate\\Foundation\\Http\\Middleware\\TransformsRequest->handle(Object(Illuminate\\Http\\Request), Object(Closure))
#26 /home/jobvaneh/public_html/hypex.jobvacancyresult.com/vendor/laravel/framework/src/Illuminate/Routing/Pipeline.php(53): Illuminate\\Pipeline\\Pipeline->Illuminate\\Pipeline\\{closure}(Object(Illuminate\\Http\\Request))
#27 /home/jobvaneh/public_html/hypex.jobvacancyresult.com/vendor/laravel/framework/src/Illuminate/Foundation/Http/Middleware/ValidatePostSize.php(27): Illuminate\\Routing\\Pipeline->Illuminate\\Routing\\{closure}(Object(Illuminate\\Http\\Request))
#28 /home/jobvaneh/public_html/hypex.jobvacancyresult.com/vendor/laravel/framework/src/Illuminate/Pipeline/Pipeline.php(163): Illuminate\\Foundation\\Http\\Middleware\\ValidatePostSize->handle(Object(Illuminate\\Http\\Request), Object(Closure))
#29 /home/jobvaneh/public_html/hypex.jobvacancyresult.com/vendor/laravel/framework/src/Illuminate/Routing/Pipeline.php(53): Illuminate\\Pipeline\\Pipeline->Illuminate\\Pipeline\\{closure}(Object(Illuminate\\Http\\Request))
#30 /home/jobvaneh/public_html/hypex.jobvacancyresult.com/vendor/laravel/framework/src/Illuminate/Foundation/Http/Middleware/CheckForMaintenanceMode.php(62): Illuminate\\Routing\\Pipeline->Illuminate\\Routing\\{closure}(Object(Illuminate\\Http\\Request))
#31 /home/jobvaneh/public_html/hypex.jobvacancyresult.com/vendor/laravel/framework/src/Illuminate/Pipeline/Pipeline.php(163): Illuminate\\Foundation\\Http\\Middleware\\CheckForMaintenanceMode->handle(Object(Illuminate\\Http\\Request), Object(Closure))
#32 /home/jobvaneh/public_html/hypex.jobvacancyresult.com/vendor/laravel/framework/src/Illuminate/Routing/Pipeline.php(53): Illuminate\\Pipeline\\Pipeline->Illuminate\\Pipeline\\{closure}(Object(Illuminate\\Http\\Request))
#33 /home/jobvaneh/public_html/hypex.jobvacancyresult.com/vendor/laravel/framework/src/Illuminate/Pipeline/Pipeline.php(104): Illuminate\\Routing\\Pipeline->Illuminate\\Routing\\{closure}(Object(Illuminate\\Http\\Request))
#34 /home/jobvaneh/public_html/hypex.jobvacancyresult.com/vendor/laravel/framework/src/Illuminate/Foundation/Http/Kernel.php(151): Illuminate\\Pipeline\\Pipeline->then(Object(Closure))
#35 /home/jobvaneh/public_html/hypex.jobvacancyresult.com/vendor/laravel/framework/src/Illuminate/Foundation/Http/Kernel.php(116): Illuminate\\Foundation\\Http\\Kernel->sendRequestThroughRouter(Object(Illuminate\\Http\\Request))
#36 /home/jobvaneh/public_html/hypex.jobvacancyresult.com/public/index.php(55): Illuminate\\Foundation\\Http\\Kernel->handle(Object(Illuminate\\Http\\Request))
#37 /home/jobvaneh/public_html/hypex.jobvacancyresult.com/index.php(21): require_once('/home/jobvaneh/...')
#38 {main}
"} 
[2019-09-07 15:25:58] local.ERROR: file_put_contents(/home/jobvaneh/public_html/hypex.jobvacancyresult.com/hypex/storage/framework/sessions/IZ5CdYzgZUqsPlRrNGCu58xigeZMSOapCZqWmWnK): failed to open stream: No such file or directory {"exception":"[object] (ErrorException(code: 0): file_put_contents(/home/jobvaneh/public_html/hypex.jobvacancyresult.com/hypex/storage/framework/sessions/IZ5CdYzgZUqsPlRrNGCu58xigeZMSOapCZqWmWnK): failed to open stream: No such file or directory at /home/jobvaneh/public_html/hypex.jobvacancyresult.com/vendor/laravel/framework/src/Illuminate/Filesystem/Filesystem.php:122)
[stacktrace]
#0 [internal function]: Illuminate\\Foundation\\Bootstrap\\HandleExceptions->handleError(2, 'file_put_conten...', '/home/jobvaneh/...', 122, Array)
#1 /home/jobvaneh/public_html/hypex.jobvacancyresult.com/vendor/laravel/framework/src/Illuminate/Filesystem/Filesystem.php(122): file_put_contents('/home/jobvaneh/...', 'a:2:{s:6:\"_toke...', 2)
#2 /home/jobvaneh/public_html/hypex.jobvacancyresult.com/vendor/laravel/framework/src/Illuminate/Session/FileSessionHandler.php(83): Illuminate\\Filesystem\\Filesystem->put('/home/jobvaneh/...', 'a:2:{s:6:\"_toke...', true)
#3 /home/jobvaneh/public_html/hypex.jobvacancyresult.com/vendor/laravel/framework/src/Illuminate/Session/Store.php(129): Illuminate\\Session\\FileSessionHandler->write('IZ5CdYzgZUqsPlR...', 'a:2:{s:6:\"_toke...')
#4 /home/jobvaneh/public_html/hypex.jobvacancyresult.com/vendor/laravel/framework/src/Illuminate/Session/Middleware/StartSession.php(87): Illuminate\\Session\\Store->save()
#5 /home/jobvaneh/public_html/hypex.jobvacancyresult.com/vendor/laravel/framework/src/Illuminate/Foundation/Http/Kernel.php(218): Illuminate\\Session\\Middleware\\StartSession->terminate(Object(Illuminate\\Http\\Request), Object(Illuminate\\Http\\Response))
#6 /home/jobvaneh/public_html/hypex.jobvacancyresult.com/vendor/laravel/framework/src/Illuminate/Foundation/Http/Kernel.php(189): Illuminate\\Foundation\\Http\\Kernel->terminateMiddleware(Object(Illuminate\\Http\\Request), Object(Illuminate\\Http\\Response))
#7 /home/jobvaneh/public_html/hypex.jobvacancyresult.com/public/index.php(60): Illuminate\\Foundation\\Http\\Kernel->terminate(Object(Illuminate\\Http\\Request), Object(Illuminate\\Http\\Response))
#8 /home/jobvaneh/public_html/hypex.jobvacancyresult.com/index.php(21): require_once('/home/jobvaneh/...')
#9 {main}
"} 
[2019-09-07 15:29:03] local.ERROR: file_put_contents(/home/jobvaneh/public_html/hypex.jobvacancyresult.com/hypex/storage/framework/sessions/IZ5CdYzgZUqsPlRrNGCu58xigeZMSOapCZqWmWnK): failed to open stream: No such file or directory {"exception":"[object] (ErrorException(code: 0): file_put_contents(/home/jobvaneh/public_html/hypex.jobvacancyresult.com/hypex/storage/framework/sessions/IZ5CdYzgZUqsPlRrNGCu58xigeZMSOapCZqWmWnK): failed to open stream: No such file or directory at /home/jobvaneh/public_html/hypex.jobvacancyresult.com/vendor/laravel/framework/src/Illuminate/Filesystem/Filesystem.php:122)
[stacktrace]
#0 [internal function]: Illuminate\\Foundation\\Bootstrap\\HandleExceptions->handleError(2, 'file_put_conten...', '/home/jobvaneh/...', 122, Array)
#1 /home/jobvaneh/public_html/hypex.jobvacancyresult.com/vendor/laravel/framework/src/Illuminate/Filesystem/Filesystem.php(122): file_put_contents('/home/jobvaneh/...', 'a:3:{s:6:\"_toke...', 2)
#2 /home/jobvaneh/public_html/hypex.jobvacancyresult.com/vendor/laravel/framework/src/Illuminate/Session/FileSessionHandler.php(83): Illuminate\\Filesystem\\Filesystem->put('/home/jobvaneh/...', 'a:3:{s:6:\"_toke...', true)
#3 /home/jobvaneh/public_html/hypex.jobvacancyresult.com/vendor/laravel/framework/src/Illuminate/Session/Store.php(129): Illuminate\\Session\\FileSessionHandler->write('IZ5CdYzgZUqsPlR...', 'a:3:{s:6:\"_toke...')
#4 /home/jobvaneh/public_html/hypex.jobvacancyresult.com/vendor/laravel/framework/src/Illuminate/Session/Middleware/StartSession.php(87): Illuminate\\Session\\Store->save()
#5 /home/jobvaneh/public_html/hypex.jobvacancyresult.com/vendor/laravel/framework/src/Illuminate/Foundation/Http/Kernel.php(218): Illuminate\\Session\\Middleware\\StartSession->terminate(Object(Illuminate\\Http\\Request), Object(Illuminate\\Http\\Response))
#6 /home/jobvaneh/public_html/hypex.jobvacancyresult.com/vendor/laravel/framework/src/Illuminate/Foundation/Http/Kernel.php(189): Illuminate\\Foundation\\Http\\Kernel->terminateMiddleware(Object(Illuminate\\Http\\Request), Object(Illuminate\\Http\\Response))
#7 /home/jobvaneh/public_html/hypex.jobvacancyresult.com/public/index.php(60): Illuminate\\Foundation\\Http\\Kernel->terminate(Object(Illuminate\\Http\\Request), Object(Illuminate\\Http\\Response))
#8 /home/jobvaneh/public_html/hypex.jobvacancyresult.com/index.php(21): require_once('/home/jobvaneh/...')
#9 {main}
"} 
